app/build/outputs/logs/manifest-merger-debug-report.txt
-- Merging decision tree log ---
manifest
ADDED from src/main/AndroidManifest.xml:22:1-397:12
	package
		ADDED from src/main/AndroidManifest.xml:23:5-44
		INJECTED from src/main/AndroidManifest.xml
		INJECTED from src/main/AndroidManifest.xml
	xmlns:android
		ADDED from src/main/AndroidManifest.xml:22:11-69
uses-permission#android.permission.READ_CONTACTS
ADDED from src/main/AndroidManifest.xml:25:5-72
	android:name
		ADDED from src/main/AndroidManifest.xml:25:22-69
uses-permission#android.permission.WAKE_LOCK
ADDED from src/main/AndroidManifest.xml:26:5-68
	android:name
		ADDED from src/main/AndroidManifest.xml:26:22-65
supports-screens
ADDED from src/main/AndroidManifest.xml:32:5-33:52
	android:compatibleWidthLimitDp
		ADDED from src/main/AndroidManifest.xml:33:13-49
	android:requiresSmallestWidthDp
		ADDED from src/main/AndroidManifest.xml:32:23-60
application
ADDED from src/main/AndroidManifest.xml:35:5-396:19
MERGED from [com.android.support:support-v4:23.3.0] AndroidManifest.xml:22:5-20
	android:label
		ADDED from src/main/AndroidManifest.xml:35:18-62
	android:supportsRtl
		ADDED from src/main/AndroidManifest.xml:38:13-39
	android:hardwareAccelerated
		ADDED from src/main/AndroidManifest.xml:37:13-47
	android:icon
		ADDED from src/main/AndroidManifest.xml:36:13-53
activity#com.example.android.supportv4.Support4Demos
ADDED from src/main/AndroidManifest.xml:40:9-46:20
	android:name
		ADDED from src/main/AndroidManifest.xml:40:19-47
intent-filter#android.intent.action.MAIN+android.intent.category.DEFAULT+android.intent.category.LAUNCHER
ADDED from src/main/AndroidManifest.xml:41:13-45:29
action#android.intent.action.MAIN
ADDED from src/main/AndroidManifest.xml:42:17-69
	android:name
		ADDED from src/main/AndroidManifest.xml:42:25-66
category#android.intent.category.DEFAULT
ADDED from src/main/AndroidManifest.xml:43:17-76
	android:name
		ADDED from src/main/AndroidManifest.xml:43:27-73
category#android.intent.category.LAUNCHER
ADDED from src/main/AndroidManifest.xml:44:17-77
	android:name
		ADDED from src/main/AndroidManifest.xml:44:27-74
activity#com.example.android.supportv4.app.SendResult
ADDED from src/main/AndroidManifest.xml:48:9-50:20
	android:theme
		ADDED from src/main/AndroidManifest.xml:49:17-60
	android:name
		ADDED from src/main/AndroidManifest.xml:48:19-49
activity#com.example.android.supportv4.app.FragmentAlertDialogSupport
ADDED from src/main/AndroidManifest.xml:54:9-60:20
	android:label
		ADDED from src/main/AndroidManifest.xml:55:17-70
	android:name
		ADDED from src/main/AndroidManifest.xml:54:19-65
intent-filter#android.intent.action.MAIN+com.example.android.supportv4.SUPPORT4_SAMPLE_CODE
ADDED from src/main/AndroidManifest.xml:56:13-59:29
category#com.example.android.supportv4.SUPPORT4_SAMPLE_CODE
ADDED from src/main/AndroidManifest.xml:58:17-95
	android:name
		ADDED from src/main/AndroidManifest.xml:58:27-92
activity#com.example.android.supportv4.app.FragmentArgumentsSupport
ADDED from src/main/AndroidManifest.xml:62:9-68:20
	android:label
		ADDED from src/main/AndroidManifest.xml:63:17-67
	android:name
		ADDED from src/main/AndroidManifest.xml:62:19-63
activity#com.example.android.supportv4.app.FragmentCustomAnimationSupport
ADDED from src/main/AndroidManifest.xml:70:9-76:20
	android:label
		ADDED from src/main/AndroidManifest.xml:71:17-74
	android:name
		ADDED from src/main/AndroidManifest.xml:70:19-69
activity#com.example.android.supportv4.app.FragmentHideShowSupport
ADDED from src/main/AndroidManifest.xml:78:9-85:20
	android:label
		ADDED from src/main/AndroidManifest.xml:79:17-67
	android:windowSoftInputMode
		ADDED from src/main/AndroidManifest.xml:80:17-61
	android:name
		ADDED from src/main/AndroidManifest.xml:78:19-62
activity#com.example.android.supportv4.app.FragmentContextMenuSupport
ADDED from src/main/AndroidManifest.xml:87:9-93:20
	android:label
		ADDED from src/main/AndroidManifest.xml:88:17-70
	android:name
		ADDED from src/main/AndroidManifest.xml:87:19-65
activity#com.example.android.supportv4.app.FragmentDialogSupport
ADDED from src/main/AndroidManifest.xml:95:9-101:20
	android:label
		ADDED from src/main/AndroidManifest.xml:96:17-64
	android:name
		ADDED from src/main/AndroidManifest.xml:95:19-60
activity#com.example.android.supportv4.app.FragmentDialogOrActivitySupport
ADDED from src/main/AndroidManifest.xml:103:9-109:20
	android:label
		ADDED from src/main/AndroidManifest.xml:104:17-76
	android:name
		ADDED from src/main/AndroidManifest.xml:103:19-70
activity#com.example.android.supportv4.app.FragmentLayoutSupport
ADDED from src/main/AndroidManifest.xml:111:9-117:20
	android:label
		ADDED from src/main/AndroidManifest.xml:112:17-64
	android:name
		ADDED from src/main/AndroidManifest.xml:111:19-60
activity#com.example.android.supportv4.app.FragmentListArraySupport
ADDED from src/main/AndroidManifest.xml:119:9-125:20
	android:label
		ADDED from src/main/AndroidManifest.xml:120:17-68
	android:name
		ADDED from src/main/AndroidManifest.xml:119:19-63
activity#com.example.android.supportv4.app.FragmentLayoutSupport$DetailsActivity
ADDED from src/main/AndroidManifest.xml:127:9-79
	android:name
		ADDED from src/main/AndroidManifest.xml:127:19-76
activity#com.example.android.supportv4.app.FragmentMenuSupport
ADDED from src/main/AndroidManifest.xml:129:9-135:20
	android:label
		ADDED from src/main/AndroidManifest.xml:130:17-62
	android:name
		ADDED from src/main/AndroidManifest.xml:129:19-58
activity#com.example.android.supportv4.app.FragmentNestingTabsSupport
ADDED from src/main/AndroidManifest.xml:137:9-143:20
	android:label
		ADDED from src/main/AndroidManifest.xml:138:17-70
	android:name
		ADDED from src/main/AndroidManifest.xml:137:19-65
activity#com.example.android.supportv4.app.FragmentRetainInstanceSupport
ADDED from src/main/AndroidManifest.xml:145:9-151:20
	android:label
		ADDED from src/main/AndroidManifest.xml:146:17-73
	android:name
		ADDED from src/main/AndroidManifest.xml:145:19-68
activity#com.example.android.supportv4.app.FragmentReceiveResultSupport
ADDED from src/main/AndroidManifest.xml:153:9-159:20
	android:label
		ADDED from src/main/AndroidManifest.xml:154:17-72
	android:name
		ADDED from src/main/AndroidManifest.xml:153:19-67
activity#com.example.android.supportv4.app.FragmentStackSupport
ADDED from src/main/AndroidManifest.xml:161:9-167:20
	android:label
		ADDED from src/main/AndroidManifest.xml:162:17-63
	android:name
		ADDED from src/main/AndroidManifest.xml:161:19-59
activity#com.example.android.supportv4.app.FragmentTabs
ADDED from src/main/AndroidManifest.xml:169:9-175:20
	android:label
		ADDED from src/main/AndroidManifest.xml:170:17-54
	android:name
		ADDED from src/main/AndroidManifest.xml:169:19-51
activity#com.example.android.supportv4.app.FragmentTabsPager
ADDED from src/main/AndroidManifest.xml:177:9-183:20
	android:label
		ADDED from src/main/AndroidManifest.xml:178:17-60
	android:name
		ADDED from src/main/AndroidManifest.xml:177:19-56
activity#com.example.android.supportv4.app.FragmentPagerSupport
ADDED from src/main/AndroidManifest.xml:185:9-191:20
	android:label
		ADDED from src/main/AndroidManifest.xml:186:17-63
	android:name
		ADDED from src/main/AndroidManifest.xml:185:19-59
activity#com.example.android.supportv4.app.FragmentStatePagerSupport
ADDED from src/main/AndroidManifest.xml:193:9-199:20
	android:label
		ADDED from src/main/AndroidManifest.xml:194:17-69
	android:name
		ADDED from src/main/AndroidManifest.xml:193:19-64
activity#com.example.android.supportv4.app.LoaderCursorSupport
ADDED from src/main/AndroidManifest.xml:201:9-207:20
	android:label
		ADDED from src/main/AndroidManifest.xml:202:17-62
	android:name
		ADDED from src/main/AndroidManifest.xml:201:19-58
activity#com.example.android.supportv4.app.LoaderRetainedSupport
ADDED from src/main/AndroidManifest.xml:209:9-215:20
	android:label
		ADDED from src/main/AndroidManifest.xml:210:17-64
	android:name
		ADDED from src/main/AndroidManifest.xml:209:19-60
activity#com.example.android.supportv4.app.LoaderCustomSupport
ADDED from src/main/AndroidManifest.xml:217:9-223:20
	android:label
		ADDED from src/main/AndroidManifest.xml:218:17-62
	android:name
		ADDED from src/main/AndroidManifest.xml:217:19-58
activity#com.example.android.supportv4.app.LoaderThrottleSupport
ADDED from src/main/AndroidManifest.xml:225:9-231:20
	android:label
		ADDED from src/main/AndroidManifest.xml:226:17-64
	android:name
		ADDED from src/main/AndroidManifest.xml:225:19-60
provider#com.example.android.supportv4.app.LoaderThrottleSupport$SimpleProvider
ADDED from src/main/AndroidManifest.xml:232:9-233:97
	android:authorities
		ADDED from src/main/AndroidManifest.xml:233:19-94
	android:name
		ADDED from src/main/AndroidManifest.xml:232:19-75
activity#com.example.android.supportv4.content.LocalServiceBroadcaster
ADDED from src/main/AndroidManifest.xml:235:9-241:20
	android:label
		ADDED from src/main/AndroidManifest.xml:236:17-66
	android:name
		ADDED from src/main/AndroidManifest.xml:235:19-66
service#com.example.android.supportv4.content.LocalServiceBroadcaster$LocalService
ADDED from src/main/AndroidManifest.xml:242:9-243:47
	android:stopWithTask
		ADDED from src/main/AndroidManifest.xml:243:17-44
	android:name
		ADDED from src/main/AndroidManifest.xml:242:18-78
activity#com.example.android.supportv4.content.SimpleWakefulController
ADDED from src/main/AndroidManifest.xml:245:9-251:20
	android:label
		ADDED from src/main/AndroidManifest.xml:246:19-68
	android:name
		ADDED from src/main/AndroidManifest.xml:245:19-66
receiver#com.example.android.supportv4.content.SimpleWakefulReceiver
ADDED from src/main/AndroidManifest.xml:253:9-67
	android:name
		ADDED from src/main/AndroidManifest.xml:253:19-64
service#com.example.android.supportv4.content.SimpleWakefulService
ADDED from src/main/AndroidManifest.xml:254:9-65
	android:name
		ADDED from src/main/AndroidManifest.xml:254:18-62
activity#com.example.android.supportv4.accessibility.AccessibilityManagerSupportActivity
ADDED from src/main/AndroidManifest.xml:256:9-262:20
	android:label
		ADDED from src/main/AndroidManifest.xml:257:17-68
	android:name
		ADDED from src/main/AndroidManifest.xml:256:19-84
activity#com.example.android.supportv4.accessibility.AccessibilityDelegateSupportActivity
ADDED from src/main/AndroidManifest.xml:264:9-270:20
	android:label
		ADDED from src/main/AndroidManifest.xml:265:17-69
	android:name
		ADDED from src/main/AndroidManifest.xml:264:19-85
activity#com.example.android.supportv4.app.SharingSupport
ADDED from src/main/AndroidManifest.xml:272:9-278:20
	android:label
		ADDED from src/main/AndroidManifest.xml:273:19-64
	android:name
		ADDED from src/main/AndroidManifest.xml:272:19-53
activity#com.example.android.supportv4.app.SharingReceiverSupport
ADDED from src/main/AndroidManifest.xml:280:9-288:20
	android:label
		ADDED from src/main/AndroidManifest.xml:281:19-65
	android:name
		ADDED from src/main/AndroidManifest.xml:280:19-61
intent-filter#android.intent.action.SEND+android.intent.action.SEND_MULTIPLE+android.intent.category.DEFAULT
ADDED from src/main/AndroidManifest.xml:282:13-287:29
action#android.intent.action.SEND
ADDED from src/main/AndroidManifest.xml:283:17-69
	android:name
		ADDED from src/main/AndroidManifest.xml:283:25-66
action#android.intent.action.SEND_MULTIPLE
ADDED from src/main/AndroidManifest.xml:284:17-78
	android:name
		ADDED from src/main/AndroidManifest.xml:284:25-75
data
ADDED from src/main/AndroidManifest.xml:285:17-55
	android:mimeType
		ADDED from src/main/AndroidManifest.xml:285:23-52
activity#com.example.android.supportv4.text.BidiFormatterSupport
ADDED from src/main/AndroidManifest.xml:290:9-296:20
	android:label
		ADDED from src/main/AndroidManifest.xml:291:19-70
	android:name
		ADDED from src/main/AndroidManifest.xml:290:19-60
activity#com.example.android.supportv4.view.ViewPagerActivity
ADDED from src/main/AndroidManifest.xml:298:9-304:20
	android:label
		ADDED from src/main/AndroidManifest.xml:299:19-68
	android:name
		ADDED from src/main/AndroidManifest.xml:298:19-57
activity#com.example.android.supportv4.widget.SwipeRefreshLayoutActivity
ADDED from src/main/AndroidManifest.xml:306:9-313:20
	android:label
		ADDED from src/main/AndroidManifest.xml:307:19-48
	android:theme
		ADDED from src/main/AndroidManifest.xml:308:19-56
	android:name
		ADDED from src/main/AndroidManifest.xml:306:19-68
activity#com.example.android.supportv4.widget.ContentLoadingProgressBarActivity
ADDED from src/main/AndroidManifest.xml:315:9-321:20
	android:label
		ADDED from src/main/AndroidManifest.xml:316:19-71
	android:name
		ADDED from src/main/AndroidManifest.xml:315:19-75
activity#com.example.android.supportv4.widget.SlidingPaneLayoutActivity
ADDED from src/main/AndroidManifest.xml:323:9-329:20
	android:label
		ADDED from src/main/AndroidManifest.xml:324:19-70
	android:name
		ADDED from src/main/AndroidManifest.xml:323:19-67
activity#com.example.android.supportv4.widget.ExploreByTouchHelperActivity
ADDED from src/main/AndroidManifest.xml:331:9-337:20
	android:label
		ADDED from src/main/AndroidManifest.xml:332:19-74
	android:name
		ADDED from src/main/AndroidManifest.xml:331:19-70
provider#com.example.android.supportv4.content.SharingSupportProvider
ADDED from src/main/AndroidManifest.xml:339:9-340:68
	android:authorities
		ADDED from src/main/AndroidManifest.xml:339:19-93
	android:name
		ADDED from src/main/AndroidManifest.xml:340:19-65
activity#com.example.android.supportv4.content.FileProviderExample
ADDED from src/main/AndroidManifest.xml:344:9-350:20
	android:label
		ADDED from src/main/AndroidManifest.xml:345:17-62
	android:name
		ADDED from src/main/AndroidManifest.xml:344:19-62
activity#com.example.android.supportv4.widget.NestedScrollActivity
ADDED from src/main/AndroidManifest.xml:352:9-358:20
	android:label
		ADDED from src/main/AndroidManifest.xml:353:19-56
	android:name
		ADDED from src/main/AndroidManifest.xml:352:19-62
activity#com.example.android.supportv4.graphics.RoundedBitmapDrawableActivity
ADDED from src/main/AndroidManifest.xml:360:9-366:20
	android:label
		ADDED from src/main/AndroidManifest.xml:361:13-59
	android:name
		ADDED from src/main/AndroidManifest.xml:360:19-73
activity#com.example.android.supportv4.graphics.DrawableCompatActivity
ADDED from src/main/AndroidManifest.xml:368:9-374:20
	android:label
		ADDED from src/main/AndroidManifest.xml:369:19-58
	android:name
		ADDED from src/main/AndroidManifest.xml:368:19-66
provider#android.support.v4.content.FileProvider
ADDED from src/main/AndroidManifest.xml:377:9-385:20
	android:authorities
		ADDED from src/main/AndroidManifest.xml:379:13-73
	android:grantUriPermissions
		ADDED from src/main/AndroidManifest.xml:380:13-47
	android:exported
		ADDED from src/main/AndroidManifest.xml:381:13-37
	android:name
		ADDED from src/main/AndroidManifest.xml:378:13-67
meta-data#android.support.FILE_PROVIDER_PATHS
ADDED from src/main/AndroidManifest.xml:382:13-384:52
	android:resource
		ADDED from src/main/AndroidManifest.xml:384:17-49
	android:name
		ADDED from src/main/AndroidManifest.xml:383:17-67
activity#com.example.android.supportv4.media.TransportControllerActivity
ADDED from src/main/AndroidManifest.xml:388:9-394:20
	android:label
		ADDED from src/main/AndroidManifest.xml:389:17-77
	android:name
		ADDED from src/main/AndroidManifest.xml:388:19-68
uses-sdk
INJECTED from src/main/AndroidManifest.xml reason: use-sdk injection requested
MERGED from [com.android.support:support-v4:23.3.0] AndroidManifest.xml:20:5-43
	android:targetSdkVersion
		INJECTED from src/main/AndroidManifest.xml
		INJECTED from src/main/AndroidManifest.xml
	android:minSdkVersion
		INJECTED from src/main/AndroidManifest.xml
		INJECTED from src/main/AndroidManifest.xml